# JRE version: OpenJDK Runtime Environment Temurin-21.0.10+7 (21.0.10+7) (build 21.0.10+7-LTS)
# Java VM: OpenJDK 64-Bit Server VM Temurin-21.0.10+7 (21.0.10+7-LTS, mixed mode, sharing, tiered, compressed oops, compressed class ptrs, g1 gc, windows-amd64)
GC Precious Log:
 CardTable entry size: 512
 Card Set container configuration: InlinePtr #cards 5 size 8 Array Of Cards #cards 12 size 40 Howl #buckets 4 coarsen threshold 1843 Howl Bitmap #cards 512 size 80 coarsen threshold 460 Card regions per heap region 1 cards per card region 2048
 CPUs: 4 total, 4 available
 Memory: 8082M
 Large Page Support: Disabled
 NUMA Support: Disabled
 Compressed Oops: Enabled (32-bit)
 Heap Region Size: 1M
 Heap Min Capacity: 8M
 Heap Initial Capacity: 128M
 Heap Max Capacity: 2022M
 Pre-touch: Disabled
 Parallel Workers: 4
 Concurrent Workers: 1
 Concurrent Refinement Workers: 4
 Periodic GC: Disabled
Heap:
 garbage-first heap   total 106496K, used 64589K [0x0000000081a00000, 0x0000000100000000)
  region size 1024K, 18 young (18432K), 6 survivors (6144K)
 Metaspace       used 46975K, committed 47360K, reserved 1114112K
  class space    used 5649K, committed 5824K, reserved 1048576K
GC Heap History (18 events):
Event: 0.815 GC heap before
{Heap before GC invocations=0 (full 0):
 garbage-first heap   total 131072K, used 16384K [0x0000000081a00000, 0x0000000100000000)
  region size 1024K, 13 young (13312K), 0 survivors (0K)
 Metaspace       used 4097K, committed 4224K, reserved 1114112K
  class space    used 320K, committed 384K, reserved 1048576K
}
Event: 0.826 GC heap after
{Heap after GC invocations=1 (full 0):
 garbage-first heap   total 131072K, used 5473K [0x0000000081a00000, 0x0000000100000000)
  region size 1024K, 2 young (2048K), 2 survivors (2048K)
 Metaspace       used 4097K, committed 4224K, reserved 1114112K
  class space    used 320K, committed 384K, reserved 1048576K
}
Event: 1.720 GC heap before
{Heap before GC invocations=1 (full 0):
 garbage-first heap   total 131072K, used 20833K [0x0000000081a00000, 0x0000000100000000)
  region size 1024K, 18 young (18432K), 2 survivors (2048K)
 Metaspace       used 9264K, committed 9536K, reserved 1114112K
  class space    used 936K, committed 1088K, reserved 1048576K
}
Event: 1.724 GC heap after
{Heap after GC invocations=2 (full 0):
 garbage-first heap   total 131072K, used 6676K [0x0000000081a00000, 0x0000000100000000)
  region size 1024K, 1 young (1024K), 1 survivors (1024K)
 Metaspace       used 9264K, committed 9536K, reserved 1114112K
  class space    used 936K, committed 1088K, reserved 1048576K
}
Event: 3.753 GC heap before
{Heap before GC invocations=2 (full 0):
 garbage-first heap   total 131072K, used 83476K [0x0000000081a00000, 0x0000000100000000)
  region size 1024K, 76 young (77824K), 1 survivors (1024K)
 Metaspace       used 16814K, committed 17088K, reserved 1114112K
  class space    used 1845K, committed 1984K, reserved 1048576K
}
Event: 3.788 GC heap after
{Heap after GC invocations=3 (full 0):
 garbage-first heap   total 131072K, used 29035K [0x0000000081a00000, 0x0000000100000000)
  region size 1024K, 10 young (10240K), 10 survivors (10240K)
 Metaspace       used 16814K, committed 17088K, reserved 1114112K
  class space    used 1845K, committed 1984K, reserved 1048576K
}
Event: 5.301 GC heap before
{Heap before GC invocations=3 (full 0):
 garbage-first heap   total 131072K, used 44395K [0x0000000081a00000, 0x0000000100000000)
  region size 1024K, 26 young (26624K), 10 survivors (10240K)
 Metaspace       used 21197K, committed 21504K, reserved 1114112K
  class space    used 2444K, committed 2560K, reserved 1048576K
}
Event: 5.325 GC heap after
{Heap after GC invocations=4 (full 0):
 garbage-first heap   total 131072K, used 31232K [0x0000000081a00000, 0x0000000100000000)
  region size 1024K, 2 young (2048K), 2 survivors (2048K)
 Metaspace       used 21197K, committed 21504K, reserved 1114112K
  class space    used 2444K, committed 2560K, reserved 1048576K
}
Event: 9.251 GC heap before
{Heap before GC invocations=5 (full 0):
 garbage-first heap   total 106496K, used 80384K [0x0000000081a00000, 0x0000000100000000)
  region size 1024K, 50 young (51200K), 2 survivors (2048K)
 Metaspace       used 33113K, committed 33408K, reserved 1114112K
  class space    used 4022K, committed 4160K, reserved 1048576K
}
Event: 9.261 GC heap after
{Heap after GC invocations=6 (full 0):
 garbage-first heap   total 106496K, used 34304K [0x0000000081a00000, 0x0000000100000000)
  region size 1024K, 5 young (5120K), 5 survivors (5120K)
 Metaspace       used 33113K, committed 33408K, reserved 1114112K
  class space    used 4022K, committed 4160K, reserved 1048576K
}
Event: 10.314 GC heap before
{Heap before GC invocations=6 (full 0):
 garbage-first heap   total 106496K, used 45568K [0x0000000081a00000, 0x0000000100000000)
  region size 1024K, 18 young (18432K), 5 survivors (5120K)
 Metaspace       used 35882K, committed 36096K, reserved 1114112K
  class space    used 4331K, committed 4416K, reserved 1048576K
}
Event: 10.328 GC heap after
{Heap after GC invocations=7 (full 0):
 garbage-first heap   total 106496K, used 35537K [0x0000000081a00000, 0x0000000100000000)
  region size 1024K, 1 young (1024K), 1 survivors (1024K)
 Metaspace       used 35882K, committed 36096K, reserved 1114112K
  class space    used 4331K, committed 4416K, reserved 1048576K
}
Event: 10.358 GC heap before
{Heap before GC invocations=7 (full 0):
 garbage-first heap   total 106496K, used 35537K [0x0000000081a00000, 0x0000000100000000)
  region size 1024K, 2 young (2048K), 1 survivors (1024K)
 Metaspace       used 36162K, committed 36416K, reserved 1114112K
  class space    used 4350K, committed 4480K, reserved 1048576K
}
Event: 10.361 GC heap after
{Heap after GC invocations=8 (full 0):
 garbage-first heap   total 106496K, used 35495K [0x0000000081a00000, 0x0000000100000000)
  region size 1024K, 1 young (1024K), 1 survivors (1024K)
 Metaspace       used 36162K, committed 36416K, reserved 1114112K
  class space    used 4350K, committed 4480K, reserved 1048576K
}
Event: 12.637 GC heap before
{Heap before GC invocations=9 (full 0):
 garbage-first heap   total 106496K, used 83623K [0x0000000081a00000, 0x0000000100000000)
  region size 1024K, 47 young (48128K), 1 survivors (1024K)
 Metaspace       used 43516K, committed 43904K, reserved 1114112K
  class space    used 5257K, committed 5440K, reserved 1048576K
}
Event: 12.656 GC heap after
{Heap after GC invocations=10 (full 0):
 garbage-first heap   total 106496K, used 44848K [0x0000000081a00000, 0x0000000100000000)
  region size 1024K, 6 young (6144K), 6 survivors (6144K)
 Metaspace       used 43516K, committed 43904K, reserved 1114112K
  class space    used 5257K, committed 5440K, reserved 1048576K
}
Event: 14.160 GC heap before
{Heap before GC invocations=10 (full 0):
 garbage-first heap   total 106496K, used 85808K [0x0000000081a00000, 0x0000000100000000)
  region size 1024K, 46 young (47104K), 6 survivors (6144K)
 Metaspace       used 46838K, committed 47232K, reserved 1114112K
  class space    used 5643K, committed 5824K, reserved 1048576K
}
Event: 14.192 GC heap after
{Heap after GC invocations=11 (full 0):
 garbage-first heap   total 106496K, used 53325K [0x0000000081a00000, 0x0000000100000000)
  region size 1024K, 6 young (6144K), 6 survivors (6144K)
 Metaspace       used 46838K, committed 47232K, reserved 1114112K
  class space    used 5643K, committed 5824K, reserved 1048576K
}

