# JRE version: OpenJDK Runtime Environment Temurin-21.0.10+7 (21.0.10+7) (build 21.0.10+7-LTS)
# Java VM: OpenJDK 64-Bit Server VM Temurin-21.0.10+7 (21.0.10+7-LTS, mixed mode, sharing, tiered, compressed oops, compressed class ptrs, parallel gc, windows-amd64)
GC Precious Log:
 CardTable entry size: 512
 CPUs: 4 total, 4 available
 Memory: 8082M
 Large Page Support: Disabled
 NUMA Support: Disabled
 Compressed Oops: Enabled (32-bit)
 Alignments: Space 512K, Generation 512K, Heap 2M
 Heap Min Capacity: 100M
 Heap Initial Capacity: 100M
 Heap Max Capacity: 2G
 Pre-touch: Disabled
 Parallel Workers: 4
Heap:
 PSYoungGen      total 9216K, used 7035K [0x00000000d5580000, 0x00000000d6000000, 0x0000000100000000)
  eden space 8704K, 79% used [0x00000000d5580000,0x00000000d5c3ec18,0x00000000d5e00000)
  from space 512K, 25% used [0x00000000d5f80000,0x00000000d5fa0000,0x00000000d6000000)
  to   space 512K, 0% used [0x00000000d5f00000,0x00000000d5f00000,0x00000000d5f80000)
 ParOldGen       total 1320448K, used 1320189K [0x0000000080000000, 0x00000000d0980000, 0x00000000d5580000)
  object space 1320448K, 99% used [0x0000000080000000,0x00000000d093f600,0x00000000d0980000)
 Metaspace       used 67610K, committed 69696K, reserved 1114112K
  class space    used 7807K, committed 8640K, reserved 1048576K
GC Heap History (20 events):
Event: 3537.228 GC heap after
{Heap after GC invocations=590 (full 4):
 PSYoungGen      total 9216K, used 128K [0x00000000d5580000, 0x00000000d6000000, 0x0000000100000000)
  eden space 8704K, 0% used [0x00000000d5580000,0x00000000d5580000,0x00000000d5e00000)
  from space 512K, 25% used [0x00000000d5f00000,0x00000000d5f20000,0x00000000d5f80000)
  to   space 512K, 0% used [0x00000000d5f80000,0x00000000d5f80000,0x00000000d6000000)
 ParOldGen       total 1319936K, used 1319829K [0x0000000080000000, 0x00000000d0900000, 0x00000000d5580000)
  object space 1319936K, 99% used [0x0000000080000000,0x00000000d08e5600,0x00000000d0900000)
 Metaspace       used 67610K, committed 69696K, reserved 1114112K
  class space    used 7807K, committed 8640K, reserved 1048576K
}
Event: 3537.243 GC heap before
{Heap before GC invocations=591 (full 4):
 PSYoungGen      total 9216K, used 7035K [0x00000000d5580000, 0x00000000d6000000, 0x0000000100000000)
  eden space 8704K, 79% used [0x00000000d5580000,0x00000000d5c3ee40,0x00000000d5e00000)
  from space 512K, 25% used [0x00000000d5f00000,0x00000000d5f20000,0x00000000d5f80000)
  to   space 512K, 0% used [0x00000000d5f80000,0x00000000d5f80000,0x00000000d6000000)
 ParOldGen       total 1319936K, used 1319829K [0x0000000080000000, 0x00000000d0900000, 0x00000000d5580000)
  object space 1319936K, 99% used [0x0000000080000000,0x00000000d08e5600,0x00000000d0900000)
 Metaspace       used 67610K, committed 69696K, reserved 1114112K
  class space    used 7807K, committed 8640K, reserved 1048576K
}
Event: 3537.244 GC heap after
{Heap after GC invocations=591 (full 4):
 PSYoungGen      total 9216K, used 128K [0x00000000d5580000, 0x00000000d6000000, 0x0000000100000000)
  eden space 8704K, 0% used [0x00000000d5580000,0x00000000d5580000,0x00000000d5e00000)
  from space 512K, 25% used [0x00000000d5f80000,0x00000000d5fa0000,0x00000000d6000000)
  to   space 512K, 0% used [0x00000000d5f00000,0x00000000d5f00000,0x00000000d5f80000)
 ParOldGen       total 1319936K, used 1319853K [0x0000000080000000, 0x00000000d0900000, 0x00000000d5580000)
  object space 1319936K, 99% used [0x0000000080000000,0x00000000d08eb600,0x00000000d0900000)
 Metaspace       used 67610K, committed 69696K, reserved 1114112K
  class space    used 7807K, committed 8640K, reserved 1048576K
}
Event: 3537.260 GC heap before
{Heap before GC invocations=592 (full 4):
 PSYoungGen      total 9216K, used 7035K [0x00000000d5580000, 0x00000000d6000000, 0x0000000100000000)
  eden space 8704K, 79% used [0x00000000d5580000,0x00000000d5c3ee90,0x00000000d5e00000)
  from space 512K, 25% used [0x00000000d5f80000,0x00000000d5fa0000,0x00000000d6000000)
  to   space 512K, 0% used [0x00000000d5f00000,0x00000000d5f00000,0x00000000d5f80000)
 ParOldGen       total 1319936K, used 1319853K [0x0000000080000000, 0x00000000d0900000, 0x00000000d5580000)
  object space 1319936K, 99% used [0x0000000080000000,0x00000000d08eb600,0x00000000d0900000)
 Metaspace       used 67610K, committed 69696K, reserved 1114112K
  class space    used 7807K, committed 8640K, reserved 1048576K
}
Event: 3537.262 GC heap after
{Heap after GC invocations=592 (full 4):
 PSYoungGen      total 9216K, used 96K [0x00000000d5580000, 0x00000000d6000000, 0x0000000100000000)
  eden space 8704K, 0% used [0x00000000d5580000,0x00000000d5580000,0x00000000d5e00000)
  from space 512K, 18% used [0x00000000d5f00000,0x00000000d5f18000,0x00000000d5f80000)
  to   space 512K, 0% used [0x00000000d5f80000,0x00000000d5f80000,0x00000000d6000000)
 ParOldGen       total 1319936K, used 1319877K [0x0000000080000000, 0x00000000d0900000, 0x00000000d5580000)
  object space 1319936K, 99% used [0x0000000080000000,0x00000000d08f1600,0x00000000d0900000)
 Metaspace       used 67610K, committed 69696K, reserved 1114112K
  class space    used 7807K, committed 8640K, reserved 1048576K
}
Event: 3537.284 GC heap before
{Heap before GC invocations=593 (full 4):
 PSYoungGen      total 9216K, used 7003K [0x00000000d5580000, 0x00000000d6000000, 0x0000000100000000)
  eden space 8704K, 79% used [0x00000000d5580000,0x00000000d5c3eea0,0x00000000d5e00000)
  from space 512K, 18% used [0x00000000d5f00000,0x00000000d5f18000,0x00000000d5f80000)
  to   space 512K, 0% used [0x00000000d5f80000,0x00000000d5f80000,0x00000000d6000000)
 ParOldGen       total 1319936K, used 1319877K [0x0000000080000000, 0x00000000d0900000, 0x00000000d5580000)
  object space 1319936K, 99% used [0x0000000080000000,0x00000000d08f1600,0x00000000d0900000)
 Metaspace       used 67610K, committed 69696K, reserved 1114112K
  class space    used 7807K, committed 8640K, reserved 1048576K
}
Event: 3537.286 GC heap after
{Heap after GC invocations=593 (full 4):
 PSYoungGen      total 9216K, used 64K [0x00000000d5580000, 0x00000000d6000000, 0x0000000100000000)
  eden space 8704K, 0% used [0x00000000d5580000,0x00000000d5580000,0x00000000d5e00000)
  from space 512K, 12% used [0x00000000d5f80000,0x00000000d5f90000,0x00000000d6000000)
  to   space 512K, 0% used [0x00000000d5f00000,0x00000000d5f00000,0x00000000d5f80000)
 ParOldGen       total 1319936K, used 1319885K [0x0000000080000000, 0x00000000d0900000, 0x00000000d5580000)
  object space 1319936K, 99% used [0x0000000080000000,0x00000000d08f3600,0x00000000d0900000)
 Metaspace       used 67610K, committed 69696K, reserved 1114112K
  class space    used 7807K, committed 8640K, reserved 1048576K
}
Event: 3537.303 GC heap before
{Heap before GC invocations=594 (full 4):
 PSYoungGen      total 9216K, used 6971K [0x00000000d5580000, 0x00000000d6000000, 0x0000000100000000)
  eden space 8704K, 79% used [0x00000000d5580000,0x00000000d5c3ee88,0x00000000d5e00000)
  from space 512K, 12% used [0x00000000d5f80000,0x00000000d5f90000,0x00000000d6000000)
  to   space 512K, 0% used [0x00000000d5f00000,0x00000000d5f00000,0x00000000d5f80000)
 ParOldGen       total 1319936K, used 1319885K [0x0000000080000000, 0x00000000d0900000, 0x00000000d5580000)
  object space 1319936K, 99% used [0x0000000080000000,0x00000000d08f3600,0x00000000d0900000)
 Metaspace       used 67610K, committed 69696K, reserved 1114112K
  class space    used 7807K, committed 8640K, reserved 1048576K
}
Event: 3537.305 GC heap after
{Heap after GC invocations=594 (full 4):
 PSYoungGen      total 9216K, used 128K [0x00000000d5580000, 0x00000000d6000000, 0x0000000100000000)
  eden space 8704K, 0% used [0x00000000d5580000,0x00000000d5580000,0x00000000d5e00000)
  from space 512K, 25% used [0x00000000d5f00000,0x00000000d5f20000,0x00000000d5f80000)
  to   space 512K, 0% used [0x00000000d5f80000,0x00000000d5f80000,0x00000000d6000000)
 ParOldGen       total 1319936K, used 1319917K [0x0000000080000000, 0x00000000d0900000, 0x00000000d5580000)
  object space 1319936K, 99% used [0x0000000080000000,0x00000000d08fb600,0x00000000d0900000)
 Metaspace       used 67610K, committed 69696K, reserved 1114112K
  class space    used 7807K, committed 8640K, reserved 1048576K
}
Event: 3537.321 GC heap before
{Heap before GC invocations=595 (full 4):
 PSYoungGen      total 9216K, used 7035K [0x00000000d5580000, 0x00000000d6000000, 0x0000000100000000)
  eden space 8704K, 79% used [0x00000000d5580000,0x00000000d5c3ee90,0x00000000d5e00000)
  from space 512K, 25% used [0x00000000d5f00000,0x00000000d5f20000,0x00000000d5f80000)
  to   space 512K, 0% used [0x00000000d5f80000,0x00000000d5f80000,0x00000000d6000000)
 ParOldGen       total 1319936K, used 1319917K [0x0000000080000000, 0x00000000d0900000, 0x00000000d5580000)
  object space 1319936K, 99% used [0x0000000080000000,0x00000000d08fb600,0x00000000d0900000)
 Metaspace       used 67610K, committed 69696K, reserved 1114112K
  class space    used 7807K, committed 8640K, reserved 1048576K
}
Event: 3537.323 GC heap after
{Heap after GC invocations=595 (full 4):
 PSYoungGen      total 9216K, used 128K [0x00000000d5580000, 0x00000000d6000000, 0x0000000100000000)
  eden space 8704K, 0% used [0x00000000d5580000,0x00000000d5580000,0x00000000d5e00000)
  from space 512K, 25% used [0x00000000d5f80000,0x00000000d5fa0000,0x00000000d6000000)
  to   space 512K, 0% used [0x00000000d5f00000,0x00000000d5f00000,0x00000000d5f80000)
 ParOldGen       total 1319936K, used 1319933K [0x0000000080000000, 0x00000000d0900000, 0x00000000d5580000)
  object space 1319936K, 99% used [0x0000000080000000,0x00000000d08ff600,0x00000000d0900000)
 Metaspace       used 67610K, committed 69696K, reserved 1114112K
  class space    used 7807K, committed 8640K, reserved 1048576K
}
Event: 3537.340 GC heap before
{Heap before GC invocations=596 (full 4):
 PSYoungGen      total 9216K, used 7035K [0x00000000d5580000, 0x00000000d6000000, 0x0000000100000000)
  eden space 8704K, 79% used [0x00000000d5580000,0x00000000d5c3ee88,0x00000000d5e00000)
  from space 512K, 25% used [0x00000000d5f80000,0x00000000d5fa0000,0x00000000d6000000)
  to   space 512K, 0% used [0x00000000d5f00000,0x00000000d5f00000,0x00000000d5f80000)
 ParOldGen       total 1319936K, used 1319933K [0x0000000080000000, 0x00000000d0900000, 0x00000000d5580000)
  object space 1319936K, 99% used [0x0000000080000000,0x00000000d08ff600,0x00000000d0900000)
 Metaspace       used 67610K, committed 69696K, reserved 1114112K
  class space    used 7807K, committed 8640K, reserved 1048576K
}
Event: 3537.342 GC heap after
{Heap after GC invocations=596 (full 4):
 PSYoungGen      total 9216K, used 128K [0x00000000d5580000, 0x00000000d6000000, 0x0000000100000000)
  eden space 8704K, 0% used [0x00000000d5580000,0x00000000d5580000,0x00000000d5e00000)
  from space 512K, 25% used [0x00000000d5f00000,0x00000000d5f20000,0x00000000d5f80000)
  to   space 512K, 0% used [0x00000000d5f80000,0x00000000d5f80000,0x00000000d6000000)
 ParOldGen       total 1320448K, used 1319965K [0x0000000080000000, 0x00000000d0980000, 0x00000000d5580000)
  object space 1320448K, 99% used [0x0000000080000000,0x00000000d0907600,0x00000000d0980000)
 Metaspace       used 67610K, committed 69696K, reserved 1114112K
  class space    used 7807K, committed 8640K, reserved 1048576K
}
Event: 3537.355 GC heap before
{Heap before GC invocations=597 (full 4):
 PSYoungGen      total 9216K, used 7035K [0x00000000d5580000, 0x00000000d6000000, 0x0000000100000000)
  eden space 8704K, 79% used [0x00000000d5580000,0x00000000d5c3eeb8,0x00000000d5e00000)
  from space 512K, 25% used [0x00000000d5f00000,0x00000000d5f20000,0x00000000d5f80000)
  to   space 512K, 0% used [0x00000000d5f80000,0x00000000d5f80000,0x00000000d6000000)
 ParOldGen       total 1320448K, used 1319965K [0x0000000080000000, 0x00000000d0980000, 0x00000000d5580000)
  object space 1320448K, 99% used [0x0000000080000000,0x00000000d0907600,0x00000000d0980000)
 Metaspace       used 67610K, committed 69696K, reserved 1114112K
  class space    used 7807K, committed 8640K, reserved 1048576K
}
Event: 3537.357 GC heap after
{Heap after GC invocations=597 (full 4):
 PSYoungGen      total 9216K, used 128K [0x00000000d5580000, 0x00000000d6000000, 0x0000000100000000)
  eden space 8704K, 0% used [0x00000000d5580000,0x00000000d5580000,0x00000000d5e00000)
  from space 512K, 25% used [0x00000000d5f80000,0x00000000d5fa0000,0x00000000d6000000)
  to   space 512K, 0% used [0x00000000d5f00000,0x00000000d5f00000,0x00000000d5f80000)
 ParOldGen       total 1320448K, used 1319989K [0x0000000080000000, 0x00000000d0980000, 0x00000000d5580000)
  object space 1320448K, 99% used [0x0000000080000000,0x00000000d090d600,0x00000000d0980000)
 Metaspace       used 67610K, committed 69696K, reserved 1114112K
  class space    used 7807K, committed 8640K, reserved 1048576K
}
Event: 3537.371 GC heap before
{Heap before GC invocations=598 (full 4):
 PSYoungGen      total 9216K, used 7035K [0x00000000d5580000, 0x00000000d6000000, 0x0000000100000000)
  eden space 8704K, 79% used [0x00000000d5580000,0x00000000d5c3ee88,0x00000000d5e00000)
  from space 512K, 25% used [0x00000000d5f80000,0x00000000d5fa0000,0x00000000d6000000)
  to   space 512K, 0% used [0x00000000d5f00000,0x00000000d5f00000,0x00000000d5f80000)
 ParOldGen       total 1320448K, used 1319989K [0x0000000080000000, 0x00000000d0980000, 0x00000000d5580000)
  object space 1320448K, 99% used [0x0000000080000000,0x00000000d090d600,0x00000000d0980000)
 Metaspace       used 67610K, committed 69696K, reserved 1114112K
  class space    used 7807K, committed 8640K, reserved 1048576K
}
Event: 3537.372 GC heap after
{Heap after GC invocations=598 (full 4):
 PSYoungGen      total 9216K, used 128K [0x00000000d5580000, 0x00000000d6000000, 0x0000000100000000)
  eden space 8704K, 0% used [0x00000000d5580000,0x00000000d5580000,0x00000000d5e00000)
  from space 512K, 25% used [0x00000000d5f00000,0x00000000d5f20000,0x00000000d5f80000)
  to   space 512K, 0% used [0x00000000d5f80000,0x00000000d5f80000,0x00000000d6000000)
 ParOldGen       total 1320448K, used 1320021K [0x0000000080000000, 0x00000000d0980000, 0x00000000d5580000)
  object space 1320448K, 99% used [0x0000000080000000,0x00000000d0915600,0x00000000d0980000)
 Metaspace       used 67610K, committed 69696K, reserved 1114112K
  class space    used 7807K, committed 8640K, reserved 1048576K
}
Event: 3537.389 GC heap before
{Heap before GC invocations=599 (full 4):
 PSYoungGen      total 9216K, used 7208K [0x00000000d5580000, 0x00000000d6000000, 0x0000000100000000)
  eden space 8704K, 81% used [0x00000000d5580000,0x00000000d5c6a3b0,0x00000000d5e00000)
  from space 512K, 25% used [0x00000000d5f00000,0x00000000d5f20000,0x00000000d5f80000)
  to   space 512K, 0% used [0x00000000d5f80000,0x00000000d5f80000,0x00000000d6000000)
 ParOldGen       total 1320448K, used 1320021K [0x0000000080000000, 0x00000000d0980000, 0x00000000d5580000)
  object space 1320448K, 99% used [0x0000000080000000,0x00000000d0915600,0x00000000d0980000)
 Metaspace       used 67610K, committed 69696K, reserved 1114112K
  class space    used 7807K, committed 8640K, reserved 1048576K
}
Event: 3537.391 GC heap after
{Heap after GC invocations=599 (full 4):
 PSYoungGen      total 9216K, used 128K [0x00000000d5580000, 0x00000000d6000000, 0x0000000100000000)
  eden space 8704K, 0% used [0x00000000d5580000,0x00000000d5580000,0x00000000d5e00000)
  from space 512K, 25% used [0x00000000d5f80000,0x00000000d5fa0000,0x00000000d6000000)
  to   space 512K, 0% used [0x00000000d5f00000,0x00000000d5f00000,0x00000000d5f80000)
 ParOldGen       total 1320448K, used 1320037K [0x0000000080000000, 0x00000000d0980000, 0x00000000d5580000)
  object space 1320448K, 99% used [0x0000000080000000,0x00000000d0919600,0x00000000d0980000)
 Metaspace       used 67610K, committed 69696K, reserved 1114112K
  class space    used 7807K, committed 8640K, reserved 1048576K
}
Event: 3537.411 GC heap before
{Heap before GC invocations=600 (full 4):
 PSYoungGen      total 9216K, used 7035K [0x00000000d5580000, 0x00000000d6000000, 0x0000000100000000)
  eden space 8704K, 79% used [0x00000000d5580000,0x00000000d5c3ef90,0x00000000d5e00000)
  from space 512K, 25% used [0x00000000d5f80000,0x00000000d5fa0000,0x00000000d6000000)
  to   space 512K, 0% used [0x00000000d5f00000,0x00000000d5f00000,0x00000000d5f80000)
 ParOldGen       total 1320448K, used 1320037K [0x0000000080000000, 0x00000000d0980000, 0x00000000d5580000)
  object space 1320448K, 99% used [0x0000000080000000,0x00000000d0919600,0x00000000d0980000)
 Metaspace       used 67610K, committed 69696K, reserved 1114112K
  class space    used 7807K, committed 8640K, reserved 1048576K
}

